Sep 15 17:16:35 INFO [15/Sep/2017:17:16:35] ENGINE Bus STARTING
Sep 15 17:16:35 INFO [15/Sep/2017:17:16:35] ENGINE Started monitor thread 'Autoreloader'.
Sep 15 17:16:35 INFO [15/Sep/2017:17:16:35] ENGINE Started monitor thread '_TimeoutMonitor'.
Sep 15 17:16:36 INFO [15/Sep/2017:17:16:36] ENGINE Serving on http://0.0.0.0
Sep 15 17:16:36 INFO [15/Sep/2017:17:16:36] ENGINE Bus STARTED
Sep 15 17:28:54 INFO [15/Sep/2017:17:28:54] ENGINE Bus STARTING
Sep 15 17:28:54 INFO [15/Sep/2017:17:28:54] ENGINE Started monitor thread 'Autoreloader'.
Sep 15 17:28:54 INFO [15/Sep/2017:17:28:54] ENGINE Started monitor thread '_TimeoutMonitor'.
Sep 15 17:28:55 INFO [15/Sep/2017:17:28:55] ENGINE Serving on http://0.0.0.0
Sep 15 17:28:55 INFO [15/Sep/2017:17:28:55] ENGINE Bus STARTED
Sep 17 20:39:19 INFO [17/Sep/2017:20:39:19] ENGINE Bus STARTING
Sep 17 20:39:19 INFO [17/Sep/2017:20:39:19] ENGINE Started monitor thread 'Autoreloader'.
Sep 17 20:39:19 INFO [17/Sep/2017:20:39:19] ENGINE Started monitor thread '_TimeoutMonitor'.
Sep 17 20:39:19 INFO [17/Sep/2017:20:39:19] ENGINE Serving on http://0.0.0.0
Sep 17 20:39:19 INFO [17/Sep/2017:20:39:19] ENGINE Bus STARTED
Sep 17 20:42:26 INFO [17/Sep/2017:20:42:26] ENGINE Bus STOPPING
Sep 17 20:42:26 INFO [17/Sep/2017:20:42:26] ENGINE HTTP Server cherrypy._cpwsgi_server.CPWSGIServer(('0.0.0.0', 80)) shut down
Sep 17 20:42:26 INFO [17/Sep/2017:20:42:26] ENGINE Stopped thread 'Autoreloader'.
Sep 17 20:42:26 INFO [17/Sep/2017:20:42:26] ENGINE Stopped thread '_TimeoutMonitor'.
Sep 17 20:42:26 INFO [17/Sep/2017:20:42:26] ENGINE Bus STOPPED
Sep 17 20:42:26 INFO [17/Sep/2017:20:42:26] ENGINE Bus EXITING
Sep 17 20:42:26 INFO [17/Sep/2017:20:42:26] ENGINE Bus EXITED
Sep 19 16:57:27 INFO [19/Sep/2017:16:57:27] ENGINE Bus STARTING
Sep 19 16:57:27 INFO [19/Sep/2017:16:57:27] ENGINE Started monitor thread 'Autoreloader'.
Sep 19 16:57:27 INFO [19/Sep/2017:16:57:27] ENGINE Started monitor thread '_TimeoutMonitor'.
Sep 19 16:57:28 INFO [19/Sep/2017:16:57:28] ENGINE Serving on http://0.0.0.0
Sep 19 16:57:28 INFO [19/Sep/2017:16:57:28] ENGINE Bus STARTED
Sep 19 17:03:19 DEBUG httpd received Single
Sep 19 17:03:19 INFO 192.168.1.116 - - [19/Sep/2017:17:03:19] "POST /single HTTP/1.1" 200 - "" ""
Sep 19 17:07:59 INFO 192.168.1.116 - - [19/Sep/2017:17:07:59] "POST /touch HTTP/1.1" 200 - "" ""
Sep 19 17:08:18 DEBUG httpd received Single
Sep 19 17:08:18 INFO 192.168.1.116 - - [19/Sep/2017:17:08:18] "POST /single HTTP/1.1" 200 - "" ""
Sep 19 17:08:24 INFO 192.168.1.116 - - [19/Sep/2017:17:08:24] "POST /long HTTP/1.1" 200 - "" ""
Sep 19 17:08:46 INFO 192.168.1.116 - - [19/Sep/2017:17:08:46] "POST /touch HTTP/1.1" 200 - "" ""
Sep 19 17:08:54 INFO 192.168.1.116 - - [19/Sep/2017:17:08:54] "POST /touch HTTP/1.1" 200 - "" ""
Sep 19 18:02:13 INFO 192.168.1.116 - - [19/Sep/2017:18:02:13] "POST /touch HTTP/1.1" 200 - "" ""
Sep 19 18:02:22 INFO 192.168.1.116 - - [19/Sep/2017:18:02:22] "POST /touch HTTP/1.1" 400 1870 "" ""
Sep 19 18:02:23 INFO 192.168.1.116 - - [19/Sep/2017:18:02:23] "POST /touch HTTP/1.1" 400 1870 "" ""
Sep 19 18:02:26 INFO 192.168.1.116 - - [19/Sep/2017:18:02:26] "POST /touch HTTP/1.1" 400 1870 "" ""
Sep 19 18:02:26 INFO 192.168.1.116 - - [19/Sep/2017:18:02:26] "POST /touch HTTP/1.1" 400 1870 "" ""
Sep 19 18:02:32 INFO 192.168.1.116 - - [19/Sep/2017:18:02:32] "POST /touch HTTP/1.1" 400 1870 "" ""
Sep 19 18:02:33 DEBUG httpd received Single
Sep 19 18:02:33 INFO 192.168.1.116 - - [19/Sep/2017:18:02:33] "POST /single HTTP/1.1" 200 - "" ""
Sep 19 21:36:29 INFO [19/Sep/2017:21:36:29] ENGINE Bus STARTING
Sep 19 21:36:29 INFO [19/Sep/2017:21:36:29] ENGINE Started monitor thread 'Autoreloader'.
Sep 19 21:36:29 INFO [19/Sep/2017:21:36:29] ENGINE Started monitor thread '_TimeoutMonitor'.
Sep 19 21:36:30 ERROR [19/Sep/2017:21:36:30] ENGINE Error in 'start' listener <bound method Server.start of <cherrypy._cpserver.Server object at 0xb60259d0>>
Traceback (most recent call last):
  File "/usr/local/lib/python3.5/dist-packages/cherrypy/process/wspbus.py", line 215, in publish
    output.append(listener(*args, **kwargs))
  File "/usr/local/lib/python3.5/dist-packages/cherrypy/_cpserver.py", line 171, in start
    super(Server, self).start()
  File "/usr/local/lib/python3.5/dist-packages/cherrypy/process/servers.py", line 177, in start
    portend.free(*self.bind_addr, timeout=Timeouts.free)
  File "/usr/local/lib/python3.5/dist-packages/portend.py", line 119, in free
    raise Timeout("Port {port} not free on {host}.".format(**locals()))
portend.Timeout: Port 80 not free on 0.0.0.0.

Sep 19 21:36:30 ERROR [19/Sep/2017:21:36:30] ENGINE Shutting down due to error in start listener:
Traceback (most recent call last):
  File "/usr/local/lib/python3.5/dist-packages/cherrypy/process/wspbus.py", line 253, in start
    self.publish('start')
  File "/usr/local/lib/python3.5/dist-packages/cherrypy/process/wspbus.py", line 233, in publish
    raise exc
cherrypy.process.wspbus.ChannelFailures: Timeout('Port 80 not free on 0.0.0.0.',)

Sep 19 21:36:30 INFO [19/Sep/2017:21:36:30] ENGINE Bus STOPPING
Sep 19 21:36:30 INFO [19/Sep/2017:21:36:30] ENGINE HTTP Server cherrypy._cpwsgi_server.CPWSGIServer(('0.0.0.0', 80)) already shut down
Sep 19 21:36:30 INFO [19/Sep/2017:21:36:30] ENGINE Stopped thread '_TimeoutMonitor'.
Sep 19 21:36:30 INFO [19/Sep/2017:21:36:30] ENGINE Stopped thread 'Autoreloader'.
Sep 19 21:36:30 INFO [19/Sep/2017:21:36:30] ENGINE Bus STOPPED
Sep 19 21:36:30 INFO [19/Sep/2017:21:36:30] ENGINE Bus EXITING
Sep 19 21:36:31 INFO [19/Sep/2017:21:36:31] ENGINE Bus EXITED
Sep 19 21:37:19 INFO [19/Sep/2017:21:37:19] ENGINE Bus STARTING
Sep 19 21:37:19 INFO [19/Sep/2017:21:37:19] ENGINE Started monitor thread 'Autoreloader'.
Sep 19 21:37:19 INFO [19/Sep/2017:21:37:19] ENGINE Started monitor thread '_TimeoutMonitor'.
Sep 19 21:37:21 ERROR [19/Sep/2017:21:37:21] ENGINE Error in 'start' listener <bound method Server.start of <cherrypy._cpserver.Server object at 0xb60905f0>>
Traceback (most recent call last):
  File "/usr/local/lib/python3.5/dist-packages/cherrypy/process/wspbus.py", line 215, in publish
    output.append(listener(*args, **kwargs))
  File "/usr/local/lib/python3.5/dist-packages/cherrypy/_cpserver.py", line 171, in start
    super(Server, self).start()
  File "/usr/local/lib/python3.5/dist-packages/cherrypy/process/servers.py", line 177, in start
    portend.free(*self.bind_addr, timeout=Timeouts.free)
  File "/usr/local/lib/python3.5/dist-packages/portend.py", line 119, in free
    raise Timeout("Port {port} not free on {host}.".format(**locals()))
portend.Timeout: Port 80 not free on 0.0.0.0.

Sep 19 21:37:21 ERROR [19/Sep/2017:21:37:21] ENGINE Shutting down due to error in start listener:
Traceback (most recent call last):
  File "/usr/local/lib/python3.5/dist-packages/cherrypy/process/wspbus.py", line 253, in start
    self.publish('start')
  File "/usr/local/lib/python3.5/dist-packages/cherrypy/process/wspbus.py", line 233, in publish
    raise exc
cherrypy.process.wspbus.ChannelFailures: Timeout('Port 80 not free on 0.0.0.0.',)

Sep 19 21:37:21 INFO [19/Sep/2017:21:37:21] ENGINE Bus STOPPING
Sep 19 21:37:21 INFO [19/Sep/2017:21:37:21] ENGINE HTTP Server cherrypy._cpwsgi_server.CPWSGIServer(('0.0.0.0', 80)) already shut down
Sep 19 21:37:21 INFO [19/Sep/2017:21:37:21] ENGINE Stopped thread 'Autoreloader'.
Sep 19 21:37:21 INFO [19/Sep/2017:21:37:21] ENGINE Stopped thread '_TimeoutMonitor'.
Sep 19 21:37:21 INFO [19/Sep/2017:21:37:21] ENGINE Bus STOPPED
Sep 19 21:37:21 INFO [19/Sep/2017:21:37:21] ENGINE Bus EXITING
Sep 19 21:37:21 INFO [19/Sep/2017:21:37:21] ENGINE Bus EXITED
Sep 19 21:37:24 INFO [19/Sep/2017:21:37:24] ENGINE Bus STARTING
Sep 19 21:37:24 INFO [19/Sep/2017:21:37:24] ENGINE Started monitor thread 'Autoreloader'.
Sep 19 21:37:24 INFO [19/Sep/2017:21:37:24] ENGINE Started monitor thread '_TimeoutMonitor'.
Sep 19 21:37:25 ERROR [19/Sep/2017:21:37:25] ENGINE Error in 'start' listener <bound method Server.start of <cherrypy._cpserver.Server object at 0xb6027150>>
Traceback (most recent call last):
  File "/usr/local/lib/python3.5/dist-packages/cherrypy/process/wspbus.py", line 215, in publish
    output.append(listener(*args, **kwargs))
  File "/usr/local/lib/python3.5/dist-packages/cherrypy/_cpserver.py", line 171, in start
    super(Server, self).start()
  File "/usr/local/lib/python3.5/dist-packages/cherrypy/process/servers.py", line 177, in start
    portend.free(*self.bind_addr, timeout=Timeouts.free)
  File "/usr/local/lib/python3.5/dist-packages/portend.py", line 119, in free
    raise Timeout("Port {port} not free on {host}.".format(**locals()))
portend.Timeout: Port 80 not free on 0.0.0.0.

Sep 19 21:37:25 ERROR [19/Sep/2017:21:37:25] ENGINE Shutting down due to error in start listener:
Traceback (most recent call last):
  File "/usr/local/lib/python3.5/dist-packages/cherrypy/process/wspbus.py", line 253, in start
    self.publish('start')
  File "/usr/local/lib/python3.5/dist-packages/cherrypy/process/wspbus.py", line 233, in publish
    raise exc
cherrypy.process.wspbus.ChannelFailures: Timeout('Port 80 not free on 0.0.0.0.',)

Sep 19 21:37:25 INFO [19/Sep/2017:21:37:25] ENGINE Bus STOPPING
Sep 19 21:37:25 INFO [19/Sep/2017:21:37:25] ENGINE HTTP Server cherrypy._cpwsgi_server.CPWSGIServer(('0.0.0.0', 80)) already shut down
Sep 19 21:37:25 INFO [19/Sep/2017:21:37:25] ENGINE Stopped thread 'Autoreloader'.
Sep 19 21:37:25 INFO [19/Sep/2017:21:37:25] ENGINE Stopped thread '_TimeoutMonitor'.
Sep 19 21:37:25 INFO [19/Sep/2017:21:37:25] ENGINE Bus STOPPED
Sep 19 21:37:25 INFO [19/Sep/2017:21:37:25] ENGINE Bus EXITING
Sep 19 21:37:25 INFO [19/Sep/2017:21:37:25] ENGINE Bus EXITED
Oct  7 21:14:28 INFO [07/Oct/2017:21:14:28] ENGINE Bus STARTING
Oct  7 21:14:28 INFO [07/Oct/2017:21:14:28] ENGINE Started monitor thread '_TimeoutMonitor'.
Oct  7 21:14:28 INFO [07/Oct/2017:21:14:28] ENGINE Started monitor thread 'Autoreloader'.
Oct  7 21:14:29 INFO [07/Oct/2017:21:14:29] ENGINE Serving on http://0.0.0.0
Oct  7 21:14:29 INFO [07/Oct/2017:21:14:29] ENGINE Bus STARTED
